294
1
13
76
0
0
2
294
1
13
76
0
0
2
294
1
13
76
0
0
2
294
1
13
76
0
0
2

294
1
13
76
0
0
3

295
1
13
76
0
0
3

294
1
13
76
0
0
3

295
1
13
76
0
0
3

297
1
13
76
0
0
2

298
1
13
76
0
0
2

298
1
13
76
0
0
2

299
1
13
76
0
0
2

298
1
13
76
0
0
2

298
1
13
76
0
0
2

298
1
13
76
0
0
2

299
1
13
76
0
0
2

300
1
13
77
0
0
2

299
1
13
77
0
0
2

299
1
13
77
0
0
2

299
1
13
77
0
0
2

300
1
13
78
0
0
2
0
256

299
1
13
78
0
0
2
0
255

301
1
13
80
0
0
2
0
257
301
1
13
80
0
0
2
0
257
301
1
13
80
0
0
2
0
257
301
1
13
80
0
0
2
0
257

313
1
13
80
0
0
2
0
268
313
1
13
80
0
0
2
0
268

314
1
13
80
0
0
2
0
269

315
1
13
80
0
0
2
0
270

317
1
13
80
0
0
2
0
272

317
1
13
80
0
0
2
0
272

317
1
13
80
0
0
2
318
1
13
81
0
0
2
0
273

317
1
13
81
0
0
2
0
273

317
1
13
81
0
0
2
0
273

