100
143
112
96
93
124
151
120
102
2
2
110
131
149
2
2
2
2
2
2
2
2
2
2
106
97
136
2
2
2
2
159
192
203
144
105
2
1249
121
115
158
205
98
2
2
2
2
2
2
2
2
2
2
156
2
2
127
2
2
2
2
97
131
155
97
299
378
124
107
131
134
2
97
143
213
306
87
101
111
2
2
2
165
104
2
2
2
2
109
2
2
2
2
2
2
134
111
103
2
2
2
180
106
181
2
134
136
97
258
2
297
2
173
169
214
100
173
116
96
145
99
2
2
2
2
2
2
110
117
112
398
2
2
169
115
87
287
130
2
2
2
90
2
2
91
2
2
2
2
91
2
0
2
116
87
181
107
100
132
268
232
127
186
109
114
100
70
115
102
2
2
112
2
2
129
279
535
2
2
90
134
195
200
2
2
98
150
93
351
117
102
2
140
149
2
2
108
2
2
2
2
70
101
2
2
133
2
148
95
274
157
2
119
93
95
2
106
225
2
2
2
109
2
162
99
120
164
114
119
2
2
2
2
188
2
2
2
2
98
2
2
145
2
98
2
2
93
300
119
156
122
93
2
2
2
2
132
2
2
99
265
200
134
98
2
2
2
2
2
118
95
97
168
115
188
97
126
98
2
2
2
2
2
2
159
234
2
2
2
105
195
90
2
2
98
113
93
121
246
2
2
2
2
232
100
359
142
119
137
187
115
209
2
2
322
158
109
194
97
2
103
171
2
102
161
110
107
118
2
2
100
2
2
2
151
96
111
175
120
130
2
2
2
2
2
2
2
96
102
104
2
2
137
2
2
2
2
102
112
87
90
137
95
168
101
133
97
2
2
159
446
2
2
148
252
111
155
260
199
158
99
97
112
168
172
2
2
155
173
157
2
2
268
112
119
108
112
122
2
2
2
113
101
204
100
100
125
91
74
94
90
106
90
139
114
105
137
248
159
2
2
97
155
94
156
111
122
2
2
2
2
2
2
2
2
102
2
2
260
122
188
104
126
2
2
2
2
232
2
294
2
2
109
115
2
2
2
2
2
2
2
110
95
90
119
625
121
137
2
2
2
87
2
2
170
2
2
2
2
124
2
2
135
95
175
2
305
229
168
2
2
160
112
118
104
2
2
2
2
2
2
216
106
160
104
103
465
128
274
2
2
2
137
102
124
128
169
2
2
2
2
174
172
2
2
2
2
104
2
2
2
105
166
171
153
117
90
2
2
2
2
2
2
103
2
2
148
90
106
91
200
122
111
245
189
151
107
101
2
121
113
239
101
151
147
93
133
104
124
2
2
134
98
107
2
2
2
2
114
2
2
74
152
2
2
2
111
93
216
2
2
100
143
2
2
2
137
117
215
99
93
556
2
93
87
2
2
2
2
145
112
110
108
110
114
132
344
107
102
97
265
90
113
101
103
2
2
2
2
210
100
102
106
2
438
470
129
152
90
134
2
2
2
99
105
188
161
2
737
120
179
2
2
165
180
226
235
87
2
2
141
2
2
105
2
2
133
2
104
2
2
122
206
2
2
2
2
2
2
100
113
2
2
2
621
2
2
136
2
2
110
113
91
97
137
114
91
138
91
96
100
100
160
2
2
87
119
120
131
123
2
140
161
111
160
103
113
248
102
729
110
2
101
90
2
2
136
2
182
234
2
2
2
106
121
2
2
124
121
2
2
2
2
87
103
131
2
2
2
250
2
160
97
133
111
2
265
2
102
115
2
101
116
221
133
2
2
2
2
94
2
2
102
2
