127
91
127
109
226
146
100
158
125
156
141
106
98
100
170
165
93
131
178
206
131
106
155
224
170
105
108
142
147
128
91
95
2
138
105
121
98
91
94
153
120
138
129
87
131
132
105
2
259
124
171
91
116
108
108
115
109
142
122
158
142
151
108
305
98
121
91
108
125
137
164
239
2
134
146
185
112
167
2
104
98
106
120
119
90
109
292
98
211
102
99
166
143
149
121
179
122
108
237
124
87
142
169
140
87
119
103
110
112
100
102
99
111
127
619
125
2
171
95
197
229
201
111
96
122
106
108
140
282
173
137
74
259
117
137
151
151
117
219
141
133
181
235
122
103
136
122
167
2
90
141
113
115
318
92
162
138
166
87
108
158
91
145
3867
151
96
141
139
95
374
108
122
175
133
123
266
124
99
141
93
244
164
275
120
115
96
107
128
105
138
126
92
115
103
212
115
108
125
106
153
160
222
129
144
122
174
91
117
118
110
96
183
107
132
99
115
119
102
135
130
104
171
255
106
126
108
153
2
130
115
103
162
104
100
264
112
124
87
159
113
228
100
112
121
105
910
126
167
111
148
113
115
104
103
117
170
106
98
155
119
311
95
157
244
120
127
354
87
110
113
111
142
118
150
127
145
176
197
90
162
125
153
118
136
113
139
125
148
87
127
102
668
127
2
105
99
105
132
205
166
95
277
118
99
2
117
115
114
151
147
544
129
128
127
116
102
138
143
159
125
104
106
131
96
309
74
91
141
127
108
128
219
138
87
104
117
203
156
108
227
115
88
105
132
153
148
117
127
134
131
212
130
118
166
171
171
110
188
115
168
243
192
8511
352
263
120
104
118
114
87
91
133
117
105
99
128
148
111
152
187
184
206
147
146
87
121
111
123
134
113
158
116
117
129
121
130
107
151
2
115
169
116
108
285
244
117
137
95
162
120
103
87
130
105
91
372
109
146
250
126
165
104
137
93
179
158
91
87
157
143
160
144
115
155
138
74
98
143
138
130
124
178
106
99
102
110
99
107
112
107
96
130
128
121
95
70
206
155
204
87
144
163
102
166
136
125
103
196
122
154
129
98
167
353
116
109
108
111
124
133
87
110
126
117
123
147
95
113
150
121
179
136
150
99
87
131
74
100
109
449
99
181
119
83
155
109
142
132
90
115
99
165
145
2
15604
223
118
121
152
125
121
126
110
108
180
74
428
106
119
101
119
108
139
87
90
141
116
147
131
107
104
108
13514
722
261
140
142
184
174
216
119
157
113
167
117
121
108
123
124
171
106
186
148
87
116
114
113
98
193
183
138
87
239
134
137
158
2
109
105
204
178
103
92
87
382
176
106
165
152
116
143
111
104
145
350
256
157
178
139
257
172
150
146
116
132
137
143
170
96
127
143
148
122
109
104
160
145
107
187
109
217
141
117
114
422
122
149
95
132
127
205
107
105
131
148
281
143
143
394
87
149
531
169
87
164
117
106
99
100
95
154
131
146
192
152
119
184
163
94
118
122
149
95
122
2
93
147
2
135
143
192
172
203
100
146
122
175
115
137
99
144
113
118
143
91
137
161
116
124
114
124
131
103
87
2
105
96
93
130
138
155
167
117
136
134
121
135
324
136
95
155
104
169
87
99
118
148
113
112
95
167
165
142
160
132
156
132
129
109
128
115
156
93
96
193
509
108
265
114
146
133
113
107
158
143
110
130
121
160
104
100
166
348
174
118
132
2
127
111
142
106
104
108
156
126
198
111
17881
108
109
2
175
121
133
117
197
138
103
92
95
181
131
337
116
106
100
132
118
87
466
101
144
128
130
109
107
147
284
134
122
123
183
91
102
106
183
129
257
361
157
151
191
231
200
129
2
109
730
99
165
236
128
107
117
141
118
230
128
114
151
133
130
87
216
131
119
299
135
150
128
184
161
169
126
208
2
133
130
203
242
12915
124
119
154
91
157
130
247
208
115
99
148
257
129
106
111
134
110
154
2
120
124
265
189
90
91
87
89
105
141
187
188
198
91
126
105
128
126
189
99
112
2
128
117
115
167
145
88
163
123
70
159
144
369
138
99
138
207
135
148
91
132
127
132
227
181
106
105
155
111
119
109
162
2
106
368
155
134
197
111
181
99
99
130
112
101
120
137
127
96
181
133
139
202
101
158
266
121
136
135
96
114
118
103
153
163
197
106
91
108
129
150
2
123
119
106
94
148
156
137
107
308
139
191
357
107
240
136
74
104
160
101
105
553
146
126
2
90
114
2
116
128
99
104
109
145
241
111
112
87
165
122
115
150
128
154
149
198
154
185
104
146
157
132
172
107
157
132
106
87
39730
446
122
285
118
109
198
147
105
137
285
87
229
164
87
127
87
90
531
177
123
145
111
159
359
151
206
165
214
145
108
125
103
70
128
97
147
125
118
108
109
102
134
2
302
99
175
211
131
131
145
173
2
104
90
107
184
176
169
153
107
135
121
141
130
113
145
183
91
118
154
104
157
165
103
99
91
138
148
88
108
105
138
137
178
114
96
100
177
136
106
97
148
2
140
137
120
129
114
109
87
104
181
139
99
181
325
178
98
99
219
96
157
309
106
118
227
123
298
102
105
210
155
111
106
210
126
97
107
131
103
127
87
104
167
129
103
162
167
148
157
94
189
180
119
115
130
91
104
200
157
130
171
128
119
115
134
165
124
160
181
113
158
213
87
113
106
136
156
104
200
109
107
109
111
128
150
133
128
138
95
125
95
140
179
103
179
133
251
115
154
91
107
240
112
131
100
134
110
153
218
108
107
160
141
107
114
118
127
101
159
219
152
131
172
113
174
109
130
130
146
135
127
140
191
106
2
101
228
569
87
2
103
180
2
74
146
118
141
126
104
116
110
125
105
90
101
108
2
91
131
90
178
133
87
174
380
322
343
231
123
2
107
171
144
126
114
162
159
99
278
91
118
122
256
119
145
87
166
127
162
105
102
113
108
290
165
74
180
160
229
96
133
154
88
175
175
794
179
123
116
130
132
154
114
122
114
99
113
93
109
147
122
105
87
183
291
163
100
115
144
123
87
154
98
162
141
110
112
167
158
265
162
159
111
106
187
130
124
138
234
2
140
222
157
113
106
70
95
236
147
12912
193
95
126
146
140
168
181
110
134
129
184
122
141
119
194
100
105
186
100
161
111
87
123
87
180
130
93
121
411
2
108
91
131
180
102
133
128
147
186
103
191
91
128
135
110
112
153
101
100
136
104
99
182
116
95
130
174
109
127
148
185
135
114
113
195
115
108
137
107
87
101
150
100
178
151
100
126
139
98
181
125
74
165
124
116
158
123
87
117
141
115
174
154
113
91
139
136
193
241
93
74
130
160
127
290
96
155
87
121
115
128
194
158
104
70
441
91
205
140
155
127
123
106
145
153
223
115
132
265
139
87
87
155
90
99
87
115
130
122
121
105
283
91
179
120
106
165
123
140
169
120
164
135
180
126
101
121
95
114
87
259
123
95
229
173
107
111
171
158
123
2
374
118
97
113
129
103
140
196
144
181
111
127
126
137
110
146
121
208
121
133
133
116
103
136
173
116
122
115
125
110
109
543
120
129
156
193
162
111
187
103
115
121
135
119
208
137
126
108
142
152
398
113
105
138
100
108
116
458
98
87
228
104
119
154
181
91
91
119
253
164
146
134
137
140
212
164
115
177
147
2
95
501
100
91
130
197
155
144
100
234
87
123
121
109
87
219
22369
122
211
96
102
209
165
169
186
111
169
138
120
110
150
121
168
294
122
220
109
122
205
95
87
168
90
129
124
112
99
124
221
13451
102
104
248
167
87
163
111
114
120
110
253
145
99
179
131
102
183
121
101
114
104
91
153
101
152
116
87
143
166
105
70
163
167
193
120
175
119
127
147
259
129
134
122
157
336
132
107
93
95
109
134
127
115
103
121
87
159
159
118
177
304
113
219
148
21872
130
268
114
117
124
128
244
364
116
147
157
111
203
111
139
125
119
101
90
111
91
134
161
105
96
112
132
128
185
267
146
130
244
144
101
123
123
125
115
20902
91
111
141
179
127
299
119
254
100
104
207
163
155
117
158
172
135
124
119
23753
98
141
182
177
129
262
155
242
191
145
109
349
447
282
126
117
137
154
102
93
208
87
139
156
125
185
108
175
104
172
99
172
144
99
98
126
121
92
207
109
201
101
99
109
91
176
130
135
155
90
109
146
117
135
99
333
137
115
107
171
147
146
120
109
408
95
196
174
134
151
121
110
137
147
101
91
87
137
110
193
408
74
87
123
201
148
160
494
120
252
228
140
230
100
236
165
119
165
111
135
126
114
205
102
98
122
102
155
121
337
202
124
2
139
118
196
130
135
110
103
125
133
171
200
2
133
109
87
111
404
129
122
87
190
155
87
162
128
251
136
206
108
164
104
152
115
178
105
177
162
70
112
95
115
147
87
121
126
141
102
133
142
203
154
181
132
152
331
116
124
100
179
117
108
136
116
137
152
136
103
165
103
132
135
102
100
123
158
132
87
133
188
96
140
108
104
132
173
99
119
134
104
95
218
90
143
205
293
97
142
165
98
90
94
113
103
123
138
156
222
125
204
177
237
149
143
182
138
295
135
140
341
113
103
123
167
165
282
106
99
119
231
182
133
177
201
94
114
87
109
151
117
127
93
137
105
113
187
152
104
110
109
13445
206
93
142
139
114
150
2
90
125
121
163
124
87
109
128
90
166
113
137
128
155
105
124
107
159
129
99
174
109
125
91
119
142
289
118
144
106
231
139
127
127
102
244
87
2
91
125
2
91
138
1004
127
137
99
105
127
138
176
234
134
119
344
154
185
103
108
145
90
87
87
183
165
87
104
167
271
174
132
126
132
120
138
182
137
207
124
119
120
129
100
90
131
161
99
173
208
132
124
94
361
140
280
110
136
143
2
154
120
141
134
117
280
130
91
112
138
126
174
87
91
121
141
175
149
156
133
118
114
98
148
279
105
130
187
108
120
2
117
146
90
125
191
115
175
135
127
365
104
109
111
105
148
168
90
142
118
120
172
321
107
108
90
119
118
119
112
150
109
2
136
279
134
142
332
109
143
180
200
251
129
167
116
160
114
110
127
162
121
273
167
126
101
114
87
121
110
147
120
94
2
115
107
87
189
120
102
244
95
189
153
124
117
102
111
136
324
200
103
104
121
142
121
152
114
147
130
200
290
262
106
225
15892
122
91
125
120
188
103
151
169
106
314
164
96
120
149
238
148
143
143
128
131
147
194
142
96
108
146
87
91
137
95
110
125
138
104
118
177
107
238
117
111
111
162
157
147
121
103
139
105
159
119
139
153
120
299
102
133
131
90
95
212
272
140
106
112
148
119
345
156
125
87
158
105
102
198
136
125
94
2
87
205
170
2
145
103
232
162
259
110
130
105
90
91
223
135
118
117
187
2
124
155
181
143
99
127
272
314
151
181
104
125
102
284
136
100
174
158
74
155
182
106
182
103
118
141
130
90
2
88
112
186
118
138
100
153
107
220
165
91
108
135
410
135
154
111
140
107
133
144
178
122
184
164
208
121
233
133
120
158
91
131
121
116
217
124
147
94
196
153
102
109
228
132
97
91
130
163
112
134
112
98
182
131
185
108
369
87
95
133
125
668
107
410
95
527
221
133
726
169
110
122
149
136
155
131
149
237
103
360
126
137
142
124
197
128
91
154
189
164
105
183
129
120
124
155
100
125
121
87
87
104
173
116
158
248
151
116
129
155
157
213
91
164
134
117
1270
114
103
111
2
