30
1
2
9
1
23
0

3
0
0
0
0
0
0

62
1
0
0
0
0
0

130
1
19
4
12
0
0

44
1
6
5
2
16
0

1
0
0
0
0
0
0

54
1
5
9
1
41
1

68
1
9
9
1
55
1

11
1
1
1
1
2
0

1
0
0
0
0
0
0

179
1
27
18
1
145
1

92
0
14
4
3
40
0

170
1
30
7
4
2
0

121
1
24
5
1
93
0

85
1
1
9
1
1
0

6
0
0
0
0
0
0

30
0
6
4
0
0
0

126
1
20
10
8
12
0

195
1
24
10
9
25
0

50
1
8
7
2
19
0

173
1
26
12
9
14
1

199
1
29
8
34
3
0

907
1
128
22
33
3
1

12
0
0
0
0
0
0

1
0
0
0
0
0
0

44
1
7
6
2
9
0

121
1
4
26
0
0
1

269
1
38
35
0
0
1

593
1
38
40
13
38
1

441
1
4
5
87
0
1

191
1
30
8
2
3
2

1
0
0
0
0
0
0

39
1
1
5
1
30
0

1
0
0
0
0
0
0

71
1
7
22
2
19
1

47
1
4
13
1
40
1

3
0
0
0
0
0
0

99
1
0
0
0
0
0

13
1
0
0
0
0
0

48
1
1
6
0
0
0

267
0
0
0
0
0
0

